2024-11-24 12:01:59,371 - INFO - Processing: goat_20241113102728.txt
2024-11-24 12:02:13,173 - INFO - Processing: ayvaz_20241113100729.txt
2024-11-24 12:04:07,642 - INFO - Processing: ayvaz_20241113100729.txt
2024-11-24 12:04:07,677 - INFO - Successfully processed ayvaz_20241113100729.txt
2024-11-24 12:04:21,586 - INFO - Processing: SYSCO080_BOWLGREEN_000000492_202410181107.txt
2024-11-24 12:04:21,610 - INFO - Successfully processed SYSCO080_BOWLGREEN_000000492_202410181107.txt
2024-11-24 12:13:19,109 - INFO - Processing: QualityHuts_20241112040951.txt
2024-11-24 12:13:19,222 - INFO - Successfully processed QualityHuts_20241112040951.txt
2024-11-24 12:14:54,645 - INFO - Processing: QualityHuts_20241112040951.txt
2024-11-24 12:14:54,881 - INFO - Successfully processed QualityHuts_20241112040951.txt
2024-11-24 12:15:54,792 - INFO - Processing: QualityHuts_20241112040951.txt
2024-11-24 12:15:55,029 - INFO - Successfully processed QualityHuts_20241112040951.txt
2024-11-24 16:47:14,059 - INFO - Processing: ayvaz_20241113100729.txt
2024-11-24 16:47:14,085 - INFO - Successfully processed ayvaz_20241113100729.txt
2024-11-24 16:51:35,793 - INFO - Processing: ayvaz_20241113100729.txt
2024-11-24 16:51:35,806 - INFO - Successfully processed ayvaz_20241113100729.txt
2024-11-24 16:52:02,011 - INFO - Processing: ayvaz_20241113100729.txt
2024-11-24 16:52:02,024 - INFO - Successfully processed ayvaz_20241113100729.txt
2024-11-24 16:52:02,026 - INFO - Processing: goat_20241113102728.txt
2024-11-24 16:52:02,042 - INFO - Successfully processed goat_20241113102728.txt
2024-11-24 16:52:11,487 - INFO - Processing: goat_20241113102728.txt
2024-11-24 16:52:11,504 - INFO - Successfully processed goat_20241113102728.txt
2024-11-24 16:52:30,214 - INFO - Processing: sygma_SYSCO080_BOWLGREEN_000000492_202410181107.txt
2024-11-24 16:52:30,229 - INFO - Successfully processed sygma_SYSCO080_BOWLGREEN_000000492_202410181107.txt
2024-11-24 16:53:17,572 - INFO - Processing: OAR810STMTUS_207252464_9724190_GrandMere (1)_translated.txt
2024-11-24 16:53:17,586 - INFO - Successfully processed OAR810STMTUS_207252464_9724190_GrandMere (1)_translated.txt
2024-11-24 16:53:53,320 - INFO - Processing: SYSCO594_BOWLGREEN_000000088_202410170017.810
2024-11-24 16:53:53,333 - INFO - Successfully processed SYSCO594_BOWLGREEN_000000088_202410170017.810
2024-11-24 16:54:07,193 - INFO - Processing: QualityMeats_20241112040953.txt
2024-11-24 16:54:07,213 - INFO - Successfully processed QualityMeats_20241112040953.txt
2024-11-24 16:58:29,280 - INFO - Processing: QualityHuts_20241112040951.txt
2024-11-24 16:58:29,315 - INFO - Successfully processed QualityHuts_20241112040951.txt
2024-11-24 16:58:46,476 - INFO - Processing: pepsi_GRANDMERE.102224@135009.245695052.txt
2024-11-24 16:58:46,493 - INFO - Successfully processed pepsi_GRANDMERE.102224@135009.245695052.txt
